<?xml version="1.0" encoding="UTF-8"?>
<testng-results skipped="0" failed="0" ignored="0" total="1" passed="1">
  <reporter-output>
  </reporter-output>
  <suite name="Suite" duration-ms="54569" started-at="2021-03-05T17:26:50Z" finished-at="2021-03-05T17:27:44Z">
    <groups>
    </groups>
    <test name="Test" duration-ms="54569" started-at="2021-03-05T17:26:50Z" finished-at="2021-03-05T17:27:44Z">
      <class name="com.TestGmail">
        <test-method status="PASS" signature="setup()[pri:0, instance:com.TestGmail@523884b2]" name="setup" is-config="true" duration-ms="8920" started-at="2021-03-05T17:26:50Z" finished-at="2021-03-05T17:26:59Z">
          <reporter-output>
          </reporter-output>
        </test-method> <!-- setup -->
        <test-method status="PASS" signature="login()[pri:0, instance:com.TestGmail@523884b2]" name="login" duration-ms="45623" started-at="2021-03-05T17:26:59Z" finished-at="2021-03-05T17:27:44Z">
          <reporter-output>
          </reporter-output>
        </test-method> <!-- login -->
      </class> <!-- com.TestGmail -->
    </test> <!-- Test -->
  </suite> <!-- Suite -->
</testng-results>
